<?xml version="1.0" encoding="UTF-8"?>
<!-- Generated by org.testng.reporters.JUnitReportReporter -->
<testsuite skipped="0" hostname="SJO-533JZW2LT" name="restcom.qa.test.PostAPITest" tests="1" failures="0" timestamp="06 Nov 2019 05:04:49 GMT" time="0.798" errors="1">
  <testcase name="postAPItest" time="0.798" classname="restcom.qa.test.PostAPITest">
    <error type="com.fasterxml.jackson.databind.exc.UnrecognizedPropertyException" message="Unrecognized field &quot;id&quot; (class com.qa.data.Users), not marked as ignorable (10 known properties: &quot;manufacturer&quot;, &quot;upc&quot;, &quot;price&quot;, &quot;type&quot;, &quot;name&quot;, &quot;description&quot;, &quot;shipping&quot;, &quot;url&quot;, &quot;model&quot;, &quot;image&quot;])
 at [Source: (String)&quot;{&quot;id&quot;:9999692,&quot;name&quot;:&quot;Mac&quot;,&quot;type&quot;:&quot;Apple&quot;,&quot;price&quot;:4000,&quot;shipping&quot;:5,&quot;upc&quot;:&quot;abcd&quot;,&quot;description&quot;:&quot;Silver&quot;,&quot;manufacturer&quot;:&quot;Apple&quot;,&quot;model&quot;:&quot;Pro&quot;,&quot;url&quot;:&quot;apple@mac.com&quot;,&quot;image&quot;:&quot;apple1@mac.com&quot;,&quot;updatedAt&quot;:&quot;2019-11-06T05:04:49.092Z&quot;,&quot;createdAt&quot;:&quot;2019-11-06T05:04:49.092Z&quot;}&quot;; line: 1, column: 14] (through reference chain: com.qa.data.Users[&quot;id&quot;])">
      <![CDATA[com.fasterxml.jackson.databind.exc.UnrecognizedPropertyException: Unrecognized field "id" (class com.qa.data.Users), not marked as ignorable (10 known properties: "manufacturer", "upc", "price", "type", "name", "description", "shipping", "url", "model", "image"])
 at [Source: (String)"{"id":9999692,"name":"Mac","type":"Apple","price":4000,"shipping":5,"upc":"abcd","description":"Silver","manufacturer":"Apple","model":"Pro","url":"apple@mac.com","image":"apple1@mac.com","updatedAt":"2019-11-06T05:04:49.092Z","createdAt":"2019-11-06T05:04:49.092Z"}"; line: 1, column: 14] (through reference chain: com.qa.data.Users["id"])
at com.fasterxml.jackson.databind.exc.UnrecognizedPropertyException.from(UnrecognizedPropertyException.java:61)
at com.fasterxml.jackson.databind.DeserializationContext.handleUnknownProperty(DeserializationContext.java:823)
at com.fasterxml.jackson.databind.deser.std.StdDeserializer.handleUnknownProperty(StdDeserializer.java:1153)
at com.fasterxml.jackson.databind.deser.BeanDeserializerBase.handleUnknownProperty(BeanDeserializerBase.java:1589)
at com.fasterxml.jackson.databind.deser.BeanDeserializerBase.handleUnknownVanilla(BeanDeserializerBase.java:1567)
at com.fasterxml.jackson.databind.deser.BeanDeserializer.vanillaDeserialize(BeanDeserializer.java:294)
at com.fasterxml.jackson.databind.deser.BeanDeserializer.deserialize(BeanDeserializer.java:151)
at com.fasterxml.jackson.databind.ObjectMapper._readMapAndClose(ObjectMapper.java:4014)
at com.fasterxml.jackson.databind.ObjectMapper.readValue(ObjectMapper.java:3005)
at restcom.qa.test.PostAPITest.postAPItest(PostAPITest.java:70)
at sun.reflect.NativeMethodAccessorImpl.invoke0(Native Method)
at sun.reflect.NativeMethodAccessorImpl.invoke(NativeMethodAccessorImpl.java:62)
at sun.reflect.DelegatingMethodAccessorImpl.invoke(DelegatingMethodAccessorImpl.java:43)
at java.lang.reflect.Method.invoke(Method.java:498)
at org.testng.internal.MethodInvocationHelper.invokeMethod(MethodInvocationHelper.java:124)
at org.testng.internal.Invoker.invokeMethod(Invoker.java:583)
at org.testng.internal.Invoker.invokeTestMethod(Invoker.java:719)
at org.testng.internal.Invoker.invokeTestMethods(Invoker.java:989)
at org.testng.internal.TestMethodWorker.invokeTestMethods(TestMethodWorker.java:125)
at org.testng.internal.TestMethodWorker.run(TestMethodWorker.java:109)
at org.testng.TestRunner.privateRun(TestRunner.java:648)
at org.testng.TestRunner.run(TestRunner.java:505)
at org.testng.SuiteRunner.runTest(SuiteRunner.java:455)
at org.testng.SuiteRunner.runSequentially(SuiteRunner.java:450)
at org.testng.SuiteRunner.privateRun(SuiteRunner.java:415)
at org.testng.SuiteRunner.run(SuiteRunner.java:364)
at org.testng.SuiteRunnerWorker.runSuite(SuiteRunnerWorker.java:52)
at org.testng.SuiteRunnerWorker.run(SuiteRunnerWorker.java:84)
at org.testng.TestNG.runSuitesSequentially(TestNG.java:1208)
at org.testng.TestNG.runSuitesLocally(TestNG.java:1137)
at org.testng.TestNG.runSuites(TestNG.java:1049)
at org.testng.TestNG.run(TestNG.java:1017)
at org.testng.remote.AbstractRemoteTestNG.run(AbstractRemoteTestNG.java:115)
at org.testng.remote.RemoteTestNG.initAndRun(RemoteTestNG.java:251)
at org.testng.remote.RemoteTestNG.main(RemoteTestNG.java:77)
]]>
    </error>
  </testcase> <!-- postAPItest -->
</testsuite> <!-- restcom.qa.test.PostAPITest -->
