<?xml version="1.0" encoding="UTF-8"?>
<!-- Generated by org.testng.reporters.JUnitXMLReporter -->
<testsuite hostname="SJO-533JZW2LT" ignored="0" name="Default test" tests="2" failures="1" timestamp="12 Nov 2019 15:32:01 GMT" time="0.692" errors="0">
  <testcase name="patchCategoriesIDTest" time="0.65" classname="restcom.qa.test.PatchAPICategories">
    <failure type="com.fasterxml.jackson.databind.exc.UnrecognizedPropertyException" message="Unrecognized field &amp;quot;createdAt&amp;quot; (class com.qa.data.UserCategories), not marked as ignorable (2 known properties: &amp;quot;name&amp;quot;, &amp;quot;id&amp;quot;])
 at [Source: (String)&amp;quot;{&amp;quot;id&amp;quot;:&amp;quot;abcat0020002&amp;quot;,&amp;quot;name&amp;quot;:&amp;quot;Toddler toys&amp;quot;,&amp;quot;createdAt&amp;quot;:&amp;quot;2016-11-17T17:57:04.285Z&amp;quot;,&amp;quot;updatedAt&amp;quot;:&amp;quot;2019-11-12T15:32:01.247Z&amp;quot;}&amp;quot;; line: 1, column: 57] (through reference chain: com.qa.data.UserCategories[&amp;quot;createdAt&amp;quot;])">
      <![CDATA[com.fasterxml.jackson.databind.exc.UnrecognizedPropertyException: Unrecognized field "createdAt" (class com.qa.data.UserCategories), not marked as ignorable (2 known properties: "name", "id"])
 at [Source: (String)"{"id":"abcat0020002","name":"Toddler toys","createdAt":"2016-11-17T17:57:04.285Z","updatedAt":"2019-11-12T15:32:01.247Z"}"; line: 1, column: 57] (through reference chain: com.qa.data.UserCategories["createdAt"])
at com.fasterxml.jackson.databind.exc.UnrecognizedPropertyException.from(UnrecognizedPropertyException.java:61)
at com.fasterxml.jackson.databind.DeserializationContext.handleUnknownProperty(DeserializationContext.java:823)
at com.fasterxml.jackson.databind.deser.std.StdDeserializer.handleUnknownProperty(StdDeserializer.java:1153)
at com.fasterxml.jackson.databind.deser.BeanDeserializerBase.handleUnknownProperty(BeanDeserializerBase.java:1589)
at com.fasterxml.jackson.databind.deser.BeanDeserializerBase.handleUnknownVanilla(BeanDeserializerBase.java:1567)
at com.fasterxml.jackson.databind.deser.BeanDeserializer.vanillaDeserialize(BeanDeserializer.java:294)
at com.fasterxml.jackson.databind.deser.BeanDeserializer.deserialize(BeanDeserializer.java:151)
at com.fasterxml.jackson.databind.ObjectMapper._readMapAndClose(ObjectMapper.java:4014)
at com.fasterxml.jackson.databind.ObjectMapper.readValue(ObjectMapper.java:3005)
at restcom.qa.test.PatchAPICategories.patchCategoriesIDTest(PatchAPICategories.java:94)
at sun.reflect.NativeMethodAccessorImpl.invoke0(Native Method)
at sun.reflect.NativeMethodAccessorImpl.invoke(NativeMethodAccessorImpl.java:62)
at sun.reflect.DelegatingMethodAccessorImpl.invoke(DelegatingMethodAccessorImpl.java:43)
at java.lang.reflect.Method.invoke(Method.java:498)
at org.testng.internal.MethodInvocationHelper.invokeMethod(MethodInvocationHelper.java:124)
at org.testng.internal.Invoker.invokeMethod(Invoker.java:583)
at org.testng.internal.Invoker.invokeTestMethod(Invoker.java:719)
at org.testng.internal.Invoker.invokeTestMethods(Invoker.java:989)
at org.testng.internal.TestMethodWorker.invokeTestMethods(TestMethodWorker.java:125)
at org.testng.internal.TestMethodWorker.run(TestMethodWorker.java:109)
at org.testng.TestRunner.privateRun(TestRunner.java:648)
at org.testng.TestRunner.run(TestRunner.java:505)
at org.testng.SuiteRunner.runTest(SuiteRunner.java:455)
at org.testng.SuiteRunner.runSequentially(SuiteRunner.java:450)
at org.testng.SuiteRunner.privateRun(SuiteRunner.java:415)
at org.testng.SuiteRunner.run(SuiteRunner.java:364)
at org.testng.SuiteRunnerWorker.runSuite(SuiteRunnerWorker.java:52)
at org.testng.SuiteRunnerWorker.run(SuiteRunnerWorker.java:84)
at org.testng.TestNG.runSuitesSequentially(TestNG.java:1208)
at org.testng.TestNG.runSuitesLocally(TestNG.java:1137)
at org.testng.TestNG.runSuites(TestNG.java:1049)
at org.testng.TestNG.run(TestNG.java:1017)
at org.testng.remote.AbstractRemoteTestNG.run(AbstractRemoteTestNG.java:115)
at org.testng.remote.RemoteTestNG.initAndRun(RemoteTestNG.java:251)
at org.testng.remote.RemoteTestNG.main(RemoteTestNG.java:77)
]]>
    </failure>
  </testcase> <!-- patchCategoriesIDTest -->
  <testcase name="test" time="0.016" classname="restcom.qa.test.PatchAPICategories"/>
</testsuite> <!-- Default test -->
